<?xml version="1.0" encoding="UTF-8"?>
<testng-results total="4" passed="4" failed="0" skipped="0">
  <reporter-output>
  </reporter-output>
  <suite started-at="2021-12-09T15:15:21Z" name="Default suite" finished-at="2021-12-09T15:16:06Z" duration-ms="44425">
    <groups>
    </groups>
    <test started-at="2021-12-09T15:15:21Z" name="Default test" finished-at="2021-12-09T15:16:06Z" duration-ms="44425">
      <class name="selenium2.NewTest">
        <test-method is-config="true" signature="beforeTest()[pri:0, instance:selenium2.NewTest@3ba987b8]" started-at="2021-12-09T20:45:21Z" name="beforeTest" finished-at="2021-12-09T20:45:32Z" duration-ms="10301" status="PASS">
          <reporter-output>
          </reporter-output>
        </test-method> <!-- beforeTest -->
        <test-method signature="test_checkbox()[pri:0, instance:selenium2.NewTest@3ba987b8]" started-at="2021-12-09T20:45:32Z" name="test_checkbox" finished-at="2021-12-09T20:45:32Z" duration-ms="481" status="PASS">
          <reporter-output>
          </reporter-output>
        </test-method> <!-- test_checkbox -->
        <test-method signature="test_radio()[pri:0, instance:selenium2.NewTest@3ba987b8]" started-at="2021-12-09T20:45:32Z" name="test_radio" finished-at="2021-12-09T20:45:54Z" duration-ms="21548" status="PASS">
          <reporter-output>
          </reporter-output>
        </test-method> <!-- test_radio -->
        <test-method signature="test_dropdown()[pri:0, instance:selenium2.NewTest@3ba987b8]" started-at="2021-12-09T20:45:54Z" name="test_dropdown" finished-at="2021-12-09T20:45:59Z" duration-ms="5255" status="PASS">
          <reporter-output>
          </reporter-output>
        </test-method> <!-- test_dropdown -->
        <test-method signature="test_search()[pri:0, instance:selenium2.NewTest@3ba987b8]" started-at="2021-12-09T20:45:59Z" name="test_search" finished-at="2021-12-09T20:46:06Z" duration-ms="6671" status="PASS">
          <reporter-output>
          </reporter-output>
        </test-method> <!-- test_search -->
        <test-method is-config="true" signature="afterTest()[pri:0, instance:selenium2.NewTest@3ba987b8]" started-at="2021-12-09T20:46:06Z" name="afterTest" finished-at="2021-12-09T20:46:06Z" duration-ms="144" status="PASS">
          <reporter-output>
          </reporter-output>
        </test-method> <!-- afterTest -->
      </class> <!-- selenium2.NewTest -->
    </test> <!-- Default test -->
  </suite> <!-- Default suite -->
</testng-results>
