<?xml version="1.0" encoding="UTF-8"?>
<!-- Generated by org.testng.reporters.JUnitXMLReporter -->
<testsuite hostname="DESKTOP-8LSMCR7" failures="0" tests="4" name="Default test" time="44.425" errors="0" timestamp="9 Dec 2021 15:16:06 GMT">
  <testcase classname="selenium2.NewTest" name="test_checkbox" time="0.481"/>
  <testcase classname="selenium2.NewTest" name="test_radio" time="21.548"/>
  <testcase classname="selenium2.NewTest" name="test_dropdown" time="5.255"/>
  <testcase classname="selenium2.NewTest" name="test_search" time="6.671"/>
</testsuite> <!-- Default test -->
